2025-12-29 10:33:51,635 [Worker-4] INFO  c.g.t.t.d.PublishedGradleVersions - Gradle version information cache is out-of-date. Trying to update.
2025-12-29 10:33:52,518 [Worker-4] INFO  c.g.t.t.d.PublishedGradleVersions - Updating Gradle version information cache failed. Using outdated cache.
2025-12-29 10:36:02,671 [Worker-1] ERROR o.e.m.c.i.p.ProjectConfigurationManager - Project APIAutomation already exists
2025-12-29 10:36:02,693 [Worker-1] ERROR o.e.m.c.i.p.ProjectConfigurationManager - Project APIAutomation already exists
2025-12-29 10:36:03,631 [Worker-1] ERROR o.e.m.c.i.p.ProjectConfigurationManager - Project planlink-test-automation already exists
2025-12-29 10:36:05,237 [Worker-1] INFO  o.e.m.c.i.l.LifecycleMappingFactory - Using org.eclipse.m2e.jdt.JarLifecycleMapping lifecycle mapping for MavenProject: org.example:APIAutomation:1.0-SNAPSHOT @ C:\Users\rajegok\Documents\GitHub\APIAutomation\pom.xml.
2025-12-29 10:36:07,987 [Worker-1] INFO  o.e.m.c.i.l.LifecycleMappingFactory - Using org.eclipse.m2e.jdt.JarLifecycleMapping lifecycle mapping for MavenProject: hris_test_automation:hris_test_automation:0.0.1-SNAPSHOT @ C:\Users\rajegok\Documents\GitHub\HRIS_Test_Automation\pom.xml.
2025-12-29 10:36:10,447 [Worker-1] INFO  o.e.m.c.i.l.LifecycleMappingFactory - Using org.eclipse.m2e.jdt.JarLifecycleMapping lifecycle mapping for MavenProject: com.manulife.automation:manuconnect-test-automation:7.0.0 @ C:\Users\rajegok\Documents\GitHub\ManuConnect_Test_Automation\pom.xml.
2025-12-29 10:36:19,200 [Worker-1] INFO  o.e.m.c.i.l.LifecycleMappingFactory - Using org.eclipse.m2e.jdt.JarLifecycleMapping lifecycle mapping for MavenProject: com.manulife.automation:planlink-test-automation:6.0.0 @ C:\Users\rajegok\Documents\GitHub\New folder\AdminApps_Automation_PlanLink\pom.xml.
2025-12-29 10:36:20,220 [Worker-1] INFO  o.e.m.c.i.l.LifecycleMappingFactory - Using org.eclipse.m2e.jdt.JarLifecycleMapping lifecycle mapping for MavenProject: payroll-file-validation:payroll-file-validation:0.0.41-SNAPSHOT @ C:\Users\rajegok\Documents\GitHub\Payroll_File_Validation\pom.xml.
2025-12-29 10:36:20,833 [Worker-1] INFO  o.e.m.c.i.l.LifecycleMappingFactory - Using org.eclipse.m2e.jdt.JarLifecycleMapping lifecycle mapping for MavenProject: com.manulife.automation:payroll-test-automation:7.0.0 @ C:\Users\rajegok\Documents\GitHub\Payroll_Test_Automation\pom.xml.
2025-12-29 10:36:31,335 [Worker-1] INFO  o.e.m.j.i.AbstractJavaProjectConfigurator - Adding source folder /hris_test_automation/src/main/java
2025-12-29 10:36:31,336 [Worker-1] INFO  o.e.m.j.i.AbstractJavaProjectConfigurator - Adding source folder /hris_test_automation/src/test/java
2025-12-29 10:36:31,337 [Worker-1] INFO  o.e.m.j.i.AbstractJavaProjectConfigurator - Adding resource folder /hris_test_automation/src/test/resources
2025-12-29 10:36:32,618 [Worker-1] INFO  o.e.m.j.i.AbstractJavaProjectConfigurator - Adding source folder /APIAutomation/src/main/java
2025-12-29 10:36:32,619 [Worker-1] INFO  o.e.m.j.i.AbstractJavaProjectConfigurator - Adding source folder /APIAutomation/src/test/java
2025-12-29 10:36:32,619 [Worker-1] INFO  o.e.m.j.i.AbstractJavaProjectConfigurator - Adding resource folder /APIAutomation/src/test/resources
2025-12-29 10:36:33,272 [Worker-1] INFO  o.e.m.j.i.AbstractJavaProjectConfigurator - Adding source folder /planlink-test-automation/src/main/java
2025-12-29 10:36:33,273 [Worker-1] INFO  o.e.m.j.i.AbstractJavaProjectConfigurator - Adding resource folder /planlink-test-automation/config
2025-12-29 10:36:33,276 [Worker-1] INFO  o.e.m.j.i.AbstractJavaProjectConfigurator - Adding source folder /planlink-test-automation/src/test/java
2025-12-29 10:36:33,276 [Worker-1] INFO  o.e.m.j.i.AbstractJavaProjectConfigurator - Adding resource folder /planlink-test-automation/src/test/resources
2025-12-29 10:36:35,566 [Worker-1] INFO  o.e.m.j.i.AbstractJavaProjectConfigurator - Adding source folder /payroll-file-validation/src/main/java
2025-12-29 10:36:35,566 [Worker-1] INFO  o.e.m.j.i.AbstractJavaProjectConfigurator - Adding resource folder /payroll-file-validation/src/main/resources
2025-12-29 10:36:35,568 [Worker-1] INFO  o.e.m.j.i.AbstractJavaProjectConfigurator - Adding source folder /payroll-file-validation/src/test/java
2025-12-29 10:36:35,927 [Worker-1] INFO  o.e.m.j.i.AbstractJavaProjectConfigurator - Adding source folder /manuconnect-test-automation/src/main/java
2025-12-29 10:36:35,927 [Worker-1] INFO  o.e.m.j.i.AbstractJavaProjectConfigurator - Adding resource folder /manuconnect-test-automation/config
2025-12-29 10:36:35,929 [Worker-1] INFO  o.e.m.j.i.AbstractJavaProjectConfigurator - Adding source folder /manuconnect-test-automation/src/test/java
2025-12-29 10:36:35,929 [Worker-1] INFO  o.e.m.j.i.AbstractJavaProjectConfigurator - Adding resource folder /manuconnect-test-automation/src/test/resources
2025-12-29 10:36:37,898 [Worker-1] INFO  o.e.m.j.i.AbstractJavaProjectConfigurator - Adding source folder /payroll-test-automation/src/main/java
2025-12-29 10:36:37,898 [Worker-1] INFO  o.e.m.j.i.AbstractJavaProjectConfigurator - Adding resource folder /payroll-test-automation/config
2025-12-29 10:36:37,900 [Worker-1] INFO  o.e.m.j.i.AbstractJavaProjectConfigurator - Adding source folder /payroll-test-automation/src/test/java
2025-12-29 10:36:37,900 [Worker-1] INFO  o.e.m.j.i.AbstractJavaProjectConfigurator - Adding resource folder /payroll-test-automation/src/test/resources
2025-12-29 10:36:39,570 [Worker-1] INFO  o.e.m.c.i.p.ProjectConfigurationManager - Imported and configured 9 project(s) in 42 sec
2025-12-29 10:36:47,463 [Worker-14] INFO  o.e.m.c.i.embedder.EclipseLogger - Using 'UTF-8' encoding to copy filtered resources.
2025-12-29 10:36:47,464 [Worker-14] INFO  o.e.m.c.i.embedder.EclipseLogger - skip non existing resourceDirectory C:\Users\rajegok\Documents\GitHub\APIAutomation\src\main\resources
2025-12-29 10:36:47,466 [Worker-14] INFO  o.e.m.c.i.embedder.EclipseLogger - Using 'UTF-8' encoding to copy filtered resources.
2025-12-29 10:36:47,470 [Worker-14] INFO  o.e.m.c.i.embedder.EclipseLogger - Copying 0 resource
2025-12-29 10:36:52,003 [Worker-14] INFO  o.e.m.c.i.embedder.EclipseLogger - Using 'UTF-8' encoding to copy filtered resources.
2025-12-29 10:36:52,003 [Worker-14] INFO  o.e.m.c.i.embedder.EclipseLogger - skip non existing resourceDirectory C:\Users\rajegok\Documents\GitHub\HRIS_Test_Automation\src\main\resources
2025-12-29 10:36:52,004 [Worker-14] INFO  o.e.m.c.i.embedder.EclipseLogger - Using 'UTF-8' encoding to copy filtered resources.
2025-12-29 10:36:52,014 [Worker-14] INFO  o.e.m.c.i.embedder.EclipseLogger - Copying 118 resources
